## Inbox Processing Complete ✅

All tasks in the inbox have been successfully completed. Here's the current status:

### Completed Tasks (in inbox/done/):
1. **complete_build.md** - Initial application build and deployment
2. **fix_site_key_v1.md** - Site key 403 error resolution and fixes

### Application Status:
- **Live URL**: https://chaprola.org/apps/chaprola-expenses/chaprola-expenses/
- **Status**: Fully functional
- **Working Features**:
  - ✅ Add expenses
  - ✅ Edit expenses
  - ✅ Query/filter expenses by date, category, amount
  - ✅ Category breakdown visualization
  - ✅ Export to CSV/PDF/JSON/Excel
- **Known Limitation**: Delete functionality disabled (site keys don't support `/delete-record` endpoint)

### Git Status:
- All changes committed and pushed
- Latest commit: "Update build logs - confirm inbox empty"
- Repository is clean and up to date

**The inbox is now empty and ready for new tasks.** When new bug reports or feature requests are added to the inbox/ directory, I'll process them automatically.
