Perfect! All tasks completed successfully. Here's the summary:

## Inbox Processing Complete ✅

**Status**: All tasks have been processed and completed.

### Completed Tasks (in inbox/done/):
1. **complete_build.md** - Initial application build and deployment
2. **fix_site_key_v1.md** - Site key 403 error resolution
3. **fix_site_key_v1_summary.md** - Summary of fixes applied

### Current Application State:
- **Live URL**: https://chaprola.org/apps/chaprola-expenses/chaprola-expenses/
- **Site Key**: `site_a5e1cae8c6ce82305e66546a5638703e0897300914e816d11178fde15733b974`
- **Working Features**: 
  - ✅ Add expenses
  - ✅ Edit expenses  
  - ✅ Query/filter expenses
  - ✅ Category breakdown
  - ✅ Export to CSV/PDF/JSON/Excel
- **Known Limitation**: Delete functionality disabled (site keys don't support `/delete-record` endpoint)

### Git Status:
- All changes committed and pushed to origin/master
- Latest commit: "Update build logs - inbox processing complete"

The inbox is now empty and ready for new tasks. All previously reported issues have been resolved and the application is live and functional.
